Arguments: 
  /usr/local/Cellar/node/9.8.0/bin/node /usr/local/Cellar/yarn/1.5.1_1/libexec/bin/yarn.js

PATH: 
  /usr/local/bin:/usr/bin:/bin:/usr/sbin:/sbin

Yarn version: 
  1.5.1

Node version: 
  9.8.0

Platform: 
  darwin x64

npm manifest: 
  {
    "name": "heroku-cra-node",
    "version": "1.0.0",
    "description": "How to use create-react-app with a custom Node API on Heroku",
    "engines": {
      "node": "8.9.x"
    },
    "scripts": {
      "start": "node server",
      "heroku-postbuild": "cd react-ui/ && npm install && npm install --only=dev --no-shrinkwrap && npm run build"
    },
    "cacheDirectories": [
      "node_modules",
      "react-ui/node_modules"
    ],
    "dependencies": {
      "express": "^4.14.1"
    },
    "repository": {
      "type": "git",
      "url": "https://github.com/mars/heroku-cra-node.git"
    },
    "keywords": [
      "node",
      "heroku",
      "create-react-app",
      "react"
    ],
    "license": "MIT",
    "devDependencies": {}
  }

yarn manifest: 
  No manifest

Lockfile: 
  No lockfile

Trace: 
  Error: Found incompatible module
      at new MessageError (/usr/local/Cellar/yarn/1.5.1_1/libexec/lib/cli.js:186:110)
      at Object.checkOne (/usr/local/Cellar/yarn/1.5.1_1/libexec/lib/cli.js:62444:11)
      at /usr/local/Cellar/yarn/1.5.1_1/libexec/lib/cli.js:22773:75
      at Generator.next (<anonymous>)
      at step (/usr/local/Cellar/yarn/1.5.1_1/libexec/lib/cli.js:98:30)
      at /usr/local/Cellar/yarn/1.5.1_1/libexec/lib/cli.js:116:14
      at new Promise (<anonymous>)
      at new F (/usr/local/Cellar/yarn/1.5.1_1/libexec/lib/cli.js:23451:28)
      at /usr/local/Cellar/yarn/1.5.1_1/libexec/lib/cli.js:95:12
      at /usr/local/Cellar/yarn/1.5.1_1/libexec/lib/cli.js:22777:27
